<?xml version="1.0" encoding="UTF-8"?>
<!-- Generated by org.testng.reporters.JUnitXMLReporter -->
<testsuite ignored="0" hostname="UPENDAR1998" failures="0" tests="2" name="Default test" time="47.616" errors="0" timestamp="2023-05-16T07:25:50 IST">
  <testcase classname="Contacts_Tests.CreateNew_Contact_Test" name="Tc_002_CreateContact_with_Organization" time="23.908"/>
  <testcase classname="Contacts_Tests.CreateNew_Contact_Test" name="Tc_001_CreateConact" time="8.64"/>
</testsuite> <!-- Default test -->
