<?xml version="1.0" encoding="UTF-8"?>
<!-- Generated by org.testng.reporters.JUnitXMLReporter -->
<testsuite ignored="0" hostname="UPENDAR1998" failures="0" tests="2" name="Default test" time="36.465" errors="0" timestamp="2023-05-15T21:10:34 IST">
  <testcase classname="Organization_Tests.CreateNew_Organization_Tests" name="Tc_003_CreateOrganization" time="9.835"/>
  <testcase classname="Organization_Tests.CreateNew_Organization_Tests" name="Tc_004_DeleteOrganization" time="9.423"/>
</testsuite> <!-- Default test -->
