<?xml version="1.0" encoding="UTF-8"?>
<!-- Generated by org.testng.reporters.JUnitXMLReporter -->
<testsuite ignored="4" hostname="UPENDAR1998" failures="0" tests="4" name="Test" time="77.706" errors="0" timestamp="2023-05-16T07:34:48 IST">
  <testcase classname="Organization_Tests.CreateNew_Organization_Tests" name="Tc_003_CreateOrganization" time="9.67"/>
  <testcase classname="Organization_Tests.CreateNew_Organization_Tests" name="Tc_004_DeleteOrganization" time="9.027"/>
  <testcase classname="Contacts_Tests.CreateNew_Contact_Test" name="Tc_002_CreateContact_with_Organization" time="23.389"/>
  <testcase classname="Contacts_Tests.CreateNew_Contact_Test" name="Tc_001_CreateConact" time="8.56"/>
  <testcase classname="GenericUtilities.BaseClass_Utility" name="@BeforeSuite bs" time="0.0">
    <ignored/>
  </testcase> <!-- @BeforeSuite bs -->
  <testcase classname="GenericUtilities.BaseClass_Utility" name="@AfterTest at" time="0.0">
    <ignored/>
  </testcase> <!-- @AfterTest at -->
  <testcase classname="GenericUtilities.BaseClass_Utility" name="@BeforeTest bt" time="0.0">
    <ignored/>
  </testcase> <!-- @BeforeTest bt -->
  <testcase classname="GenericUtilities.BaseClass_Utility" name="@AfterSuite as" time="0.0">
    <ignored/>
  </testcase> <!-- @AfterSuite as -->
</testsuite> <!-- Test -->
