<?xml version="1.0" encoding="UTF-8"?>
<testng-results ignored="0" total="1" passed="1" failed="0" skipped="0">
  <reporter-output>
  </reporter-output>
  <suite started-at="2023-05-18T22:00:35 IST" name="Suite" finished-at="2023-05-18T22:00:35 IST" duration-ms="93">
    <groups>
    </groups>
    <test started-at="2023-05-18T22:00:35 IST" name="Test" finished-at="2023-05-18T22:00:35 IST" duration-ms="93">
      <class name="Practice_Only.ReadDataFromCmdLine">
        <test-method signature="readdata()[pri:0, instance:Practice_Only.ReadDataFromCmdLine@123ef382]" started-at="2023-05-18T22:00:35 IST" name="readdata" finished-at="2023-05-18T22:00:35 IST" duration-ms="12" status="PASS">
          <reporter-output>
          </reporter-output>
        </test-method> <!-- readdata -->
      </class> <!-- Practice_Only.ReadDataFromCmdLine -->
    </test> <!-- Test -->
  </suite> <!-- Suite -->
</testng-results>
